 
****************************************
Report : power
        -hier
        -analysis_effort low
Design : fir
Version: U-2022.12
Date   : Wed Apr 23 21:51:12 2025
****************************************


Library(s) Used:

    slow (File: /home/raid7_2/user13/r3921070/FIR_OP/syn/CBDK_TSMC018_Arm_f1.0/CIC/SynopsysDC/db/slow.db)


Operating Conditions: slow   Library: slow
Wire Load Model Mode: top


Global Operating Voltage = 1.62 
Power-specific unit information :
    Voltage Units = 1V
    Capacitance Units = 1.000000pf
    Time Units = 1ns
    Dynamic Power Units = 1mW    (derived from V,C,T units)
    Leakage Power Units = 1pW


--------------------------------------------------------------------------------
                                       Switch   Int      Leak     Total
Hierarchy                              Power    Power    Power    Power    %
--------------------------------------------------------------------------------
fir                                       1.662    4.560 3.32e+06    6.225 100.0
1
